  2 x N 타일링.cpp
  2016년.cpp
  K번째수.cpp
  가운데글자.cpp
c:\users\armad\source\repos\algorithm_study\algorithm_study\가운데글자.cpp(11): warning C4244: '인수': 'double'에서 'const unsigned int'(으)로 변환하면서 데이터가 손실될 수 있습니다.
c:\users\armad\source\repos\algorithm_study\algorithm_study\가운데글자.cpp(12): warning C4244: '인수': 'double'에서 'const unsigned int'(으)로 변환하면서 데이터가 손실될 수 있습니다.
c:\users\armad\source\repos\algorithm_study\algorithm_study\가운데글자.cpp(15): warning C4244: '인수': 'double'에서 'const unsigned int'(으)로 변환하면서 데이터가 손실될 수 있습니다.
  같은 숫자는 싫어.cpp
  기능개발.cpp
c:\users\armad\source\repos\algorithm_study\algorithm_study\기능개발.cpp(14): warning C4018: '<': signed 또는 unsigned가 일치하지 않습니다.
  다리를 지나는 트럭.cpp
c:\users\armad\source\repos\algorithm_study\algorithm_study\다리를 지나는 트럭.cpp(16): warning C4018: '<': signed 또는 unsigned가 일치하지 않습니다.
c:\users\armad\source\repos\algorithm_study\algorithm_study\다리를 지나는 트럭.cpp(26): warning C4018: '<': signed 또는 unsigned가 일치하지 않습니다.
  두 정수 사이의 합.cpp
c:\users\armad\source\repos\algorithm_study\algorithm_study\두 정수 사이의 합.cpp(9): error C3861: 'max': 식별자를 찾을 수 없습니다.
c:\users\armad\source\repos\algorithm_study\algorithm_study\두 정수 사이의 합.cpp(10): error C3861: 'min': 식별자를 찾을 수 없습니다.
  메인.cpp
  모의고사.cpp
  문자열 내림차순 정렬.cpp
  문자열기본.cpp
c:\users\armad\source\repos\algorithm_study\algorithm_study\문자열기본.cpp(11): warning C4018: '<': signed 또는 unsigned가 일치하지 않습니다.
  문자열정수변환.cpp
  소수의합.cpp
  소수찾기(다시풀어볼것).cpp
c:\users\armad\source\repos\algorithm_study\algorithm_study\소수찾기(다시풀어볼것).cpp(67): warning C4018: '<': signed 또는 unsigned가 일치하지 않습니다.
c:\users\armad\source\repos\algorithm_study\algorithm_study\소수찾기(다시풀어볼것).cpp(68): warning C4018: '<': signed 또는 unsigned가 일치하지 않습니다.
  소수찾기(순열).cpp
c:\users\armad\source\repos\algorithm_study\algorithm_study\소수찾기(순열).cpp(42): warning C4018: '<': signed 또는 unsigned가 일치하지 않습니다.
c:\users\armad\source\repos\algorithm_study\algorithm_study\소수찾기(순열).cpp(53): warning C4018: '<': signed 또는 unsigned가 일치하지 않습니다.
  소수찾기.cpp
c:\users\armad\source\repos\algorithm_study\algorithm_study\소수찾기.cpp(19): warning C4244: '=': 'double'에서 'int'(으)로 변환하면서 데이터가 손실될 수 있습니다.
  쇠막대기.cpp
c:\users\armad\source\repos\algorithm_study\algorithm_study\쇠막대기.cpp(17): warning C4018: '<': signed 또는 unsigned가 일치하지 않습니다.
  정수삼각형.cpp
c:\users\armad\source\repos\algorithm_study\algorithm_study\정수삼각형.cpp(19): warning C4018: '<': signed 또는 unsigned가 일치하지 않습니다.
  조합(연습).cpp
  코드를 생성하고 있습니다...
c:\users\armad\source\repos\algorithm_study\algorithm_study\소수찾기.cpp(20): warning C4700: 초기화되지 않은 'i' 지역 변수를 사용했습니다.
  컴파일하고 있습니다...
  주식가격(다시풀어볼것).cpp
c:\users\armad\source\repos\algorithm_study\algorithm_study\주식가격(다시풀어볼것).cpp(9): warning C4018: '<': signed 또는 unsigned가 일치하지 않습니다.
c:\users\armad\source\repos\algorithm_study\algorithm_study\주식가격(다시풀어볼것).cpp(10): warning C4018: '<': signed 또는 unsigned가 일치하지 않습니다.
  체육복.cpp
c:\users\armad\source\repos\algorithm_study\algorithm_study\체육복.cpp(15): warning C4018: '<': signed 또는 unsigned가 일치하지 않습니다.
c:\users\armad\source\repos\algorithm_study\algorithm_study\체육복.cpp(16): warning C4018: '<': signed 또는 unsigned가 일치하지 않습니다.
c:\users\armad\source\repos\algorithm_study\algorithm_study\체육복.cpp(26): warning C4018: '<': signed 또는 unsigned가 일치하지 않습니다.
c:\users\armad\source\repos\algorithm_study\algorithm_study\체육복.cpp(27): warning C4018: '<': signed 또는 unsigned가 일치하지 않습니다.
c:\users\armad\source\repos\algorithm_study\algorithm_study\체육복.cpp(12): warning C4101: 'sw' :참조되지 않은 지역 변수입니다.
c:\users\armad\source\repos\algorithm_study\algorithm_study\체육복.cpp(14): warning C4101: 'temp' :참조되지 않은 지역 변수입니다.
  큰수 만들기.cpp
c:\users\armad\source\repos\algorithm_study\algorithm_study\큰수 만들기.cpp(12): warning C4018: '<': signed 또는 unsigned가 일치하지 않습니다.
c:\users\armad\source\repos\algorithm_study\algorithm_study\큰수 만들기.cpp(28): warning C4018: '<': signed 또는 unsigned가 일치하지 않습니다.
c:\users\armad\source\repos\algorithm_study\algorithm_study\큰수 만들기.cpp(29): warning C4018: '<': signed 또는 unsigned가 일치하지 않습니다.
  타일장식물(level3).cpp
  탑.cpp
  특정문자열갯수.cpp
  평균구하기.cpp
c:\users\armad\source\repos\algorithm_study\algorithm_study\평균구하기.cpp(10): warning C4018: '<': signed 또는 unsigned가 일치하지 않습니다.
  프린터.cpp
c:\users\armad\source\repos\algorithm_study\algorithm_study\프린터.cpp(13): warning C4018: '<': signed 또는 unsigned가 일치하지 않습니다.
c:\users\armad\source\repos\algorithm_study\algorithm_study\프린터.cpp(14): warning C4018: '<': signed 또는 unsigned가 일치하지 않습니다.
  코드를 생성하고 있습니다...
c:\users\armad\source\repos\algorithm_study\algorithm_study\프린터.cpp(36): warning C4715: 'solution': 모든 제어 경로에서 값을 반환하지는 않습니다.
